
**** Build of configuration Debug for project Lab1_C_Programming ****

"C:\\ti\\ccsv7\\utils\\bin\\gmake" -k -j 8 all -O 
 
'Building file: "../oled_sc2104.c"'
'Invoking: MSP432 Compiler'
"C:/ti/ccsv7/tools/compiler/ti-cgt-arm_16.9.6.LTS/bin/armcl" -mv7M4 --code_state=16 --float_support=FPv4SPD16 -me -Ooff --include_path="C:/ti/ccsv7/ccs_base/arm/include" --include_path="C:/ti/ccsv7/ccs_base/arm/include/CMSIS" --include_path="C:/ti/ccsv7/tools/compiler/ti-cgt-arm_16.9.6.LTS/include" --advice:power=all --define=__MSP432P401R__ --define=TARGET_IS_MSP432P4XX --define=ccs -g --c99 --gcc --diag_warning=225 --diag_wrap=off --display_error_number --abi=eabi -k --asm_listing --preproc_with_compile --preproc_dependency="oled_sc2104.d_raw"  "../oled_sc2104.c"

>> Compilation failure
subdir_rules.mk:23: recipe for target 'oled_sc2104.obj' failed
"../oled_sc2104.c", line 10: fatal error #1965: cannot open source file "oled.h"
1 catastrophic error detected in the compilation of "../oled_sc2104.c".
Compilation terminated.
gmake: *** [oled_sc2104.obj] Error 1
'Building file: "../main.c"'
'Invoking: MSP432 Compiler'
"C:/ti/ccsv7/tools/compiler/ti-cgt-arm_16.9.6.LTS/bin/armcl" -mv7M4 --code_state=16 --float_support=FPv4SPD16 -me -O0 --include_path="C:/ti/ccsv7/ccs_base/arm/include" --include_path="C:/ti/ccsv7/ccs_base/arm/include/CMSIS" --include_path="C:/ti/ccsv7/tools/compiler/ti-cgt-arm_16.9.6.LTS/include" --advice:power=all --define=__MSP432P401R__ --define=TARGET_IS_MSP432P4XX --define=ccs -g --c99 --gcc --diag_warning=225 --diag_wrap=off --display_error_number --abi=eabi -k --asm_listing --preproc_with_compile --preproc_dependency="main.d_raw"  "../main.c"

>> Compilation failure
subdir_rules.mk:16: recipe for target 'main.obj' failed
"../main.c", line 20: fatal error #1965: cannot open source file "main.h"
1 catastrophic error detected in the compilation of "../main.c".
Compilation terminated.
gmake: *** [main.obj] Error 1
'Building file: "../startup_msp432p401r_ccs.c"'
'Invoking: MSP432 Compiler'
"C:/ti/ccsv7/tools/compiler/ti-cgt-arm_16.9.6.LTS/bin/armcl" -mv7M4 --code_state=16 --float_support=FPv4SPD16 -me -Ooff --include_path="C:/ti/ccsv7/ccs_base/arm/include" --include_path="C:/ti/ccsv7/ccs_base/arm/include/CMSIS" --include_path="C:/ti/ccsv7/tools/compiler/ti-cgt-arm_16.9.6.LTS/include" --advice:power=all --define=__MSP432P401R__ --define=TARGET_IS_MSP432P4XX --define=ccs -g --c99 --gcc --diag_warning=225 --diag_wrap=off --display_error_number --abi=eabi -k --asm_listing --preproc_with_compile --preproc_dependency="startup_msp432p401r_ccs.d_raw"  "../startup_msp432p401r_ccs.c"
'Finished building: "../startup_msp432p401r_ccs.c"'
 
'Building file: "D:/MicroProccessor/CE2007/inc/Clock.c"'
'Invoking: MSP432 Compiler'
"C:/ti/ccsv7/tools/compiler/ti-cgt-arm_16.9.6.LTS/bin/armcl" -mv7M4 --code_state=16 --float_support=FPv4SPD16 -me -Ooff --include_path="C:/ti/ccsv7/ccs_base/arm/include" --include_path="C:/ti/ccsv7/ccs_base/arm/include/CMSIS" --include_path="C:/ti/ccsv7/tools/compiler/ti-cgt-arm_16.9.6.LTS/include" --advice:power=all --define=__MSP432P401R__ --define=TARGET_IS_MSP432P4XX --define=ccs -g --c99 --gcc --diag_warning=225 --diag_wrap=off --display_error_number --abi=eabi -k --asm_listing --preproc_with_compile --preproc_dependency="Clock.d_raw"  "D:/MicroProccessor/CE2007/inc/Clock.c"
'Finished building: "D:/MicroProccessor/CE2007/inc/Clock.c"'
 
'Building file: "../system_msp432p401r.c"'
'Invoking: MSP432 Compiler'
"C:/ti/ccsv7/tools/compiler/ti-cgt-arm_16.9.6.LTS/bin/armcl" -mv7M4 --code_state=16 --float_support=FPv4SPD16 -me -Ooff --include_path="C:/ti/ccsv7/ccs_base/arm/include" --include_path="C:/ti/ccsv7/ccs_base/arm/include/CMSIS" --include_path="C:/ti/ccsv7/tools/compiler/ti-cgt-arm_16.9.6.LTS/include" --advice:power=all --define=__MSP432P401R__ --define=TARGET_IS_MSP432P4XX --define=ccs -g --c99 --gcc --diag_warning=225 --diag_wrap=off --display_error_number --abi=eabi -k --asm_listing --preproc_with_compile --preproc_dependency="system_msp432p401r.d_raw"  "../system_msp432p401r.c"
"../system_msp432p401r.c", line 112: remark #2623-D: (ULP 5.4) Detected an assignment to a type with size less than int. To avoid unnecessary sign extension, use int-sized types for local varaibles and convert to smaller types for static storage.
"../system_msp432p401r.c", line 160: remark #2623-D: (ULP 5.4) Detected an assignment to a type with size less than int. To avoid unnecessary sign extension, use int-sized types for local varaibles and convert to smaller types for static storage.
"../system_msp432p401r.c", line 193: remark #2623-D: (ULP 5.4) Detected an assignment to a type with size less than int. To avoid unnecessary sign extension, use int-sized types for local varaibles and convert to smaller types for static storage.
'Finished building: "../system_msp432p401r.c"'
 
gmake: Target 'all' not remade because of errors.

**** Build Finished ****
