
**** Build of configuration Debug for project Lab4_ADC_IRSensors ****

"C:\\ti\\ccsv7\\utils\\bin\\gmake" -k -j 8 all -O 
 
'Building file: "D:/MicroProccessor/CE2007/inc/IRDistance.c"'
'Invoking: MSP432 Compiler'
"C:/ti/ccsv7/tools/compiler/ti-cgt-arm_16.9.6.LTS/bin/armcl" -mv7M4 --code_state=16 --float_support=FPv4SPD16 -me --include_path="C:/ti/ccsv7/ccs_base/arm/include" --include_path="C:/ti/ccsv7/ccs_base/arm/include/CMSIS" --include_path="D:/MicroProccessor/CE2007/Lab4_ADC_IRSensors" --include_path="C:/ti/ccsv7/tools/compiler/ti-cgt-arm_16.9.6.LTS/include" --advice:power=all --define=__MSP432P401R__ --define=TARGET_IS_MSP432P4XX --define=ccs -g --gcc --diag_warning=225 --diag_wrap=off --display_error_number --abi=eabi --preproc_with_compile --preproc_dependency="IRDistance.d_raw"  "D:/MicroProccessor/CE2007/inc/IRDistance.c"
"D:/MicroProccessor/CE2007/inc/IRDistance.c", line 69 (col. 19): remark #1531-D: (ULP 5.2) Detected floating point operation(s). Recommend moving them to RAM during run time or not using as these are processing/power intensive
"D:/MicroProccessor/CE2007/inc/IRDistance.c", line 79 (col. 20): remark #1531-D: (ULP 5.2) Detected floating point operation(s). Recommend moving them to RAM during run time or not using as these are processing/power intensive
"D:/MicroProccessor/CE2007/inc/IRDistance.c", line 91 (col. 19): remark #1531-D: (ULP 5.2) Detected floating point operation(s). Recommend moving them to RAM during run time or not using as these are processing/power intensive
'Finished building: "D:/MicroProccessor/CE2007/inc/IRDistance.c"'
 
'Building target: "Lab4_ADC_IRSensors.out"'
'Invoking: MSP432 Linker'
"C:/ti/ccsv7/tools/compiler/ti-cgt-arm_16.9.6.LTS/bin/armcl" -mv7M4 --code_state=16 --float_support=FPv4SPD16 -me --advice:power=all --define=__MSP432P401R__ --define=TARGET_IS_MSP432P4XX --define=ccs -g --gcc --diag_warning=225 --diag_wrap=off --display_error_number --abi=eabi -z -m"Lab4_ADC_IRSensors.map" --heap_size=1024 --stack_size=512 -i"C:/ti/ccsv7/ccs_base/arm/include" -i"C:/ti/ccsv7/tools/compiler/ti-cgt-arm_16.9.6.LTS/lib" -i"C:/ti/ccsv7/tools/compiler/ti-cgt-arm_16.9.6.LTS/include" --reread_libs --diag_wrap=off --display_error_number --warn_sections --xml_link_info="Lab4_ADC_IRSensors_linkInfo.xml" --rom_model -o "Lab4_ADC_IRSensors.out" "./ADC14.obj" "./Clock.obj" "./CortexM.obj" "./IRDistance.obj" "./LPF.obj" "./Lab4_ADCmain.obj" "./LaunchPad.obj" "./TimerA1.obj" "./UART0.obj" "./startup_msp432p401r_ccs.obj" "./system_msp432p401r.obj" "../msp432p401r.cmd"  -llibc.a 
<Linking>
remark #10371-D: (ULP 1.1) Detected no uses of low power mode state changing instructions
remark #10372-D: (ULP 4.1) Detected uninitialized Port 1 in this project. Recommend initializing all unused ports to eliminate wasted current consumption on unused pins.
remark #10372-D: (ULP 4.1) Detected uninitialized Port 2 in this project. Recommend initializing all unused ports to eliminate wasted current consumption on unused pins.
remark #10372-D: (ULP 4.1) Detected uninitialized Port 3 in this project. Recommend initializing all unused ports to eliminate wasted current consumption on unused pins.
remark #10372-D: (ULP 4.1) Detected uninitialized Port 4 in this project. Recommend initializing all unused ports to eliminate wasted current consumption on unused pins.
remark #10372-D: (ULP 4.1) Detected uninitialized Port 5 in this project. Recommend initializing all unused ports to eliminate wasted current consumption on unused pins.
remark #10372-D: (ULP 4.1) Detected uninitialized Port 6 in this project. Recommend initializing all unused ports to eliminate wasted current consumption on unused pins.
remark #10372-D: (ULP 4.1) Detected uninitialized Port 7 in this project. Recommend initializing all unused ports to eliminate wasted current consumption on unused pins.
remark #10372-D: (ULP 4.1) Detected uninitialized Port 8 in this project. Recommend initializing all unused ports to eliminate wasted current consumption on unused pins.
remark #10372-D: (ULP 4.1) Detected uninitialized Port 9 in this project. Recommend initializing all unused ports to eliminate wasted current consumption on unused pins.
remark #10372-D: (ULP 4.1) Detected uninitialized Port 10 in this project. Recommend initializing all unused ports to eliminate wasted current consumption on unused pins.
'Finished building target: "Lab4_ADC_IRSensors.out"'
 

**** Build Finished ****
